<testsuite failures="0" name="karate/request/client.feature" skipped="0" tests="1" time="3.680791">
  <testcase classname="karate.request.client" name="Check the service GET method" time="3.680791">
    <system-out>* url url ................................................................. passed
* def responsesGet = read('classpath:Karate/request/responsesGet.json') ... passed
Given path 'users','2' .................................................... passed
When method get ........................................................... passed
Then status 200 ........................................................... passed
And match response == responsesGet ........................................ passed
And assert response.support.text == "To keep ReqRes free, contributions towards server costs are appreciated!" . passed
And assert response.data.email == email ................................... passed</system-out>
  </testcase>
</testsuite>
